[35m[Appium][39m Welcome to Appium v1.22.3
[35m[Appium][39m Non-default server args:
[35m[Appium][39m   port: 57596
[35m[Appium][39m   loglevel: info
[35m[Appium][39m   tmpDir: C:\Users\MENNAE~1\AppData\Local\Temp\\Katalon\Appium\Temp1704389691227
[35m[Appium][39m Appium REST http interface listener started on 0.0.0.0:57596
[35m[HTTP][39m [37m-->[39m [37mGET[39m [37m/wd/hub/status[39m
[35m[HTTP][39m [90m{}[39m
[35m[HTTP][39m [37m<-- GET /wd/hub/status [39m[32m200[39m [90m8 ms - 68[39m
[35m[HTTP][39m [90m[39m
[35m[HTTP][39m [37m-->[39m [37mGET[39m [37m/wd/hub/status[39m
[35m[HTTP][39m [90m{}[39m
[35m[HTTP][39m [37m<-- GET /wd/hub/status [39m[32m200[39m [90m2 ms - 68[39m
[35m[HTTP][39m [90m[39m
[35m[HTTP][39m [37m-->[39m [37mPOST[39m [37m/wd/hub/session[39m
[35m[HTTP][39m [90m{"desiredCapabilities":{"appActivity":".Settings","appPackage":"com.android.settings","newCommandTimeout":1800,"platformVersion":"14","automationName":"uiautomator2","autoGrantPermissions":true,"platformName":"Android","udid":"emulator-5554","deviceName":"emulator-5554 (sdk_gphone64_x86_64 - Android 14)","systemPort":8208},"capabilities":{"firstMatch":[{"appium:appActivity":".Settings","appium:appPackage":"com.android.settings","appium:autoGrantPermissions":true,"appium:automationName":"uiautomator2","appium:deviceName":"emulator-5554 (sdk_gphone64_x86_64 - Android 14)","appium:newCommandTimeout":1800,"platformName":"android","appium:platformVersion":"14","appium:systemPort":8208,"appium:udid":"emulator-5554"}]}}[39m
[35m[Appium][39m Appium v1.22.3 creating new AndroidUiautomator2Driver (v1.70.1) session
[35m[BaseDriver][39m Session created with session id: cacfcc0b-95f9-46b0-932e-f887b5362f3a
[35m[UiAutomator2][39m Starting 'com.android.settings' directly on the device
[35m[ADB][39m Found 1 'build-tools' folders under 'C:\Users\MennaElmenyawi\.katalon\tools\android_sdk' (newest first):
[35m[ADB][39m     C:/Users/MennaElmenyawi/.katalon/tools/android_sdk/build-tools/29.0.3
[35m[ADB][39m Using 'adb.exe' from 'C:\Users\MennaElmenyawi\.katalon\tools\android_sdk\platform-tools\adb.exe'
[35m[AndroidDriver][39m Retrieving device list
[35m[AndroidDriver][39m Using device: emulator-5554
[35m[ADB][39m Using 'adb.exe' from 'C:\Users\MennaElmenyawi\.katalon\tools\android_sdk\platform-tools\adb.exe'
[35m[ADB][39m Getting device platform version
[35m[UiAutomator2][39m Relaxing hidden api policy
[35m[AndroidDriver][39m No app sent in, not parsing package/activity
[35m[ADB][39m Using 'apksigner.jar' from 'C:\Users\MennaElmenyawi\.katalon\tools\android_sdk\build-tools\29.0.3\lib\apksigner.jar'
[35m[ADB][39m 'C:\Users\MennaElmenyawi\node_modules\appium\node_modules\appium-uiautomator2-server\apks\appium-uiautomator2-server-v4.27.0.apk' is signed with the default certificate
[35m[ADB][39m 'C:\Users\MennaElmenyawi\node_modules\appium\node_modules\appium-uiautomator2-server\apks\appium-uiautomator2-server-debug-androidTest.apk' is signed with the default certificate
[35m[UiAutomator2][39m Server packages are not going to be (re)installed
[35m[ADB][39m Adding packages ["io.appium.settings","io.appium.uiautomator2.server","io.appium.uiautomator2.server.test"] to Doze whitelist
[35m[UiAutomator2][39m Starting UIAutomator2 server 4.27.0
[35m[UiAutomator2][39m Using UIAutomator2 server from 'C:\Users\MennaElmenyawi\node_modules\appium\node_modules\appium-uiautomator2-server\apks\appium-uiautomator2-server-v4.27.0.apk' and test from 'C:\Users\MennaElmenyawi\node_modules\appium\node_modules\appium-uiautomator2-server\apks\appium-uiautomator2-server-debug-androidTest.apk'
[35m[UiAutomator2][39m Waiting up to 30000ms for UiAutomator2 to be online...
[35m[WD Proxy][39m socket hang up
[35m[WD Proxy][39m socket hang up
[35m[WD Proxy][39m socket hang up
[35m[WD Proxy][39m socket hang up
[35m[WD Proxy][39m Determined the downstream protocol as 'W3C'
[35m[AndroidDriver][39m Screen already unlocked, doing nothing
[35m[UiAutomator2][39m Starting 'com.android.settings/.Settings and waiting for 'com.android.settings/.Settings'
[35m[Appium][39m New AndroidUiautomator2Driver session created successfully, session cacfcc0b-95f9-46b0-932e-f887b5362f3a added to master session list
[35m[HTTP][39m [37m<-- POST /wd/hub/session [39m[32m200[39m [90m14307 ms - 1121[39m
[35m[HTTP][39m [90m[39m
[35m[HTTP][39m [37m-->[39m [37mGET[39m [37m/wd/hub/session/cacfcc0b-95f9-46b0-932e-f887b5362f3a[39m
[35m[HTTP][39m [90m{}[39m
[35m[HTTP][39m [37m<-- GET /wd/hub/session/cacfcc0b-95f9-46b0-932e-f887b5362f3a [39m[32m200[39m [90m42 ms - 1075[39m
[35m[HTTP][39m [90m[39m
[35m[HTTP][39m [37m-->[39m [37mGET[39m [37m/wd/hub/session/cacfcc0b-95f9-46b0-932e-f887b5362f3a[39m
[35m[HTTP][39m [90m{}[39m
[35m[HTTP][39m [37m<-- GET /wd/hub/session/cacfcc0b-95f9-46b0-932e-f887b5362f3a [39m[32m200[39m [90m37 ms - 1075[39m
[35m[HTTP][39m [90m[39m
[35m[HTTP][39m [37m-->[39m [37mGET[39m [37m/wd/hub/status[39m
[35m[HTTP][39m [90m{}[39m
[35m[HTTP][39m [37m<-- GET /wd/hub/status [39m[32m200[39m [90m1 ms - 68[39m
[35m[HTTP][39m [90m[39m
[35m[HTTP][39m [37m-->[39m [37mPOST[39m [37m/wd/hub/session/cacfcc0b-95f9-46b0-932e-f887b5362f3a/timeouts[39m
[35m[HTTP][39m [90m{"implicit":60000}[39m
[35m[HTTP][39m [37m<-- POST /wd/hub/session/cacfcc0b-95f9-46b0-932e-f887b5362f3a/timeouts [39m[32m200[39m [90m4 ms - 14[39m
[35m[HTTP][39m [90m[39m
[35m[HTTP][39m [37m-->[39m [37mGET[39m [37m/wd/hub/session/cacfcc0b-95f9-46b0-932e-f887b5362f3a/appium/device/system_bars[39m
[35m[HTTP][39m [90m{}[39m
[35m[HTTP][39m [37m<-- GET /wd/hub/session/cacfcc0b-95f9-46b0-932e-f887b5362f3a/appium/device/system_bars [39m[32m200[39m [90m418 ms - 145[39m
[35m[HTTP][39m [90m[39m
[35m[HTTP][39m [37m-->[39m [37mPOST[39m [37m/wd/hub/session/cacfcc0b-95f9-46b0-932e-f887b5362f3a/execute/sync[39m
[35m[HTTP][39m [90m{"script":"mobile:viewportRect","args":[]}[39m
[35m[AndroidDriver][39m Executing native command 'mobile:viewportRect'
[35m[HTTP][39m [37m<-- POST /wd/hub/session/cacfcc0b-95f9-46b0-932e-f887b5362f3a/execute/sync [39m[32m200[39m [90m95 ms - 56[39m
[35m[HTTP][39m [90m[39m
[35m[HTTP][39m [37m-->[39m [37mPOST[39m [37m/wd/hub/session/cacfcc0b-95f9-46b0-932e-f887b5362f3a/appium/device/activate_app[39m
[35m[HTTP][39m [90m{"bundleId":"com.androidsample.generalstore"}[39m
[35m[HTTP][39m [37m<-- POST /wd/hub/session/cacfcc0b-95f9-46b0-932e-f887b5362f3a/appium/device/activate_app [39m[32m200[39m [90m1402 ms - 14[39m
[35m[HTTP][39m [90m[39m
[35m[HTTP][39m [37m-->[39m [37mGET[39m [37m/wd/hub/session/cacfcc0b-95f9-46b0-932e-f887b5362f3a/source[39m
[35m[HTTP][39m [90m{}[39m
[35m[W3C (cacfcc0b)][39m Driver proxy active, passing request on via HTTP proxy
[35m[WD Proxy][39m Replacing sessionId ec6f0d97-b02e-47fc-87f6-163e7f5d9a2a with cacfcc0b-95f9-46b0-932e-f887b5362f3a
[35m[HTTP][39m [37m<-- GET /wd/hub/session/cacfcc0b-95f9-46b0-932e-f887b5362f3a/source [39m[32m200[39m [90m1622 ms - 3753[39m
[35m[HTTP][39m [90m[39m
[35m[HTTP][39m [37m-->[39m [37mGET[39m [37m/wd/hub/session/cacfcc0b-95f9-46b0-932e-f887b5362f3a/screenshot[39m
[35m[HTTP][39m [90m{}[39m
[35m[HTTP][39m [37m<-- GET /wd/hub/session/cacfcc0b-95f9-46b0-932e-f887b5362f3a/screenshot [39m[32m200[39m [90m1283 ms - 79692[39m
[35m[HTTP][39m [90m[39m
[35m[HTTP][39m [37m-->[39m [37mGET[39m [37m/wd/hub/session/cacfcc0b-95f9-46b0-932e-f887b5362f3a/source[39m
[35m[HTTP][39m [90m{}[39m
[35m[W3C (cacfcc0b)][39m Driver proxy active, passing request on via HTTP proxy
[35m[WD Proxy][39m Replacing sessionId ec6f0d97-b02e-47fc-87f6-163e7f5d9a2a with cacfcc0b-95f9-46b0-932e-f887b5362f3a
[35m[HTTP][39m [37m<-- GET /wd/hub/session/cacfcc0b-95f9-46b0-932e-f887b5362f3a/source [39m[32m200[39m [90m213 ms - 14909[39m
[35m[HTTP][39m [90m[39m
[35m[HTTP][39m [37m-->[39m [37mGET[39m [37m/wd/hub/session/cacfcc0b-95f9-46b0-932e-f887b5362f3a/screenshot[39m
[35m[HTTP][39m [90m{}[39m
[35m[HTTP][39m [37m<-- GET /wd/hub/session/cacfcc0b-95f9-46b0-932e-f887b5362f3a/screenshot [39m[32m200[39m [90m638 ms - 244986[39m
[35m[HTTP][39m [90m[39m
[35m[HTTP][39m [37m-->[39m [37mPOST[39m [37m/wd/hub/session/cacfcc0b-95f9-46b0-932e-f887b5362f3a/elements[39m
[35m[HTTP][39m [90m{"using":"xpath","value":"//*[@class = 'android.widget.LinearLayout' and (@text = '' or . = '')]"}[39m
[35m[HTTP][39m [37m<-- POST /wd/hub/session/cacfcc0b-95f9-46b0-932e-f887b5362f3a/elements [39m[32m200[39m [90m916 ms - 1291[39m
[35m[HTTP][39m [90m[39m
[35m[HTTP][39m [37m-->[39m [37mPOST[39m [37m/wd/hub/session/cacfcc0b-95f9-46b0-932e-f887b5362f3a/elements[39m
[35m[HTTP][39m [90m{"using":"-android uiautomator","value":"new UiSelector().className(\"android.widget.LinearLayout\")"}[39m
[35m[HTTP][39m [37m<-- POST /wd/hub/session/cacfcc0b-95f9-46b0-932e-f887b5362f3a/elements [39m[32m200[39m [90m171 ms - 1291[39m
[35m[HTTP][39m [90m[39m
[35m[HTTP][39m [37m-->[39m [37mDELETE[39m [37m/wd/hub/session/cacfcc0b-95f9-46b0-932e-f887b5362f3a[39m
[35m[HTTP][39m [90m{}[39m
[35m[Appium][39m Removing session cacfcc0b-95f9-46b0-932e-f887b5362f3a from our master session list
[35m[UiAutomator2][39m Restoring hidden api policy to the device default configuration
[35m[HTTP][39m [37m<-- DELETE /wd/hub/session/cacfcc0b-95f9-46b0-932e-f887b5362f3a [39m[32m200[39m [90m416 ms - 14[39m
[35m[HTTP][39m [90m[39m
